INFO - 2017-04-01 20:34:02 --> Config Class Initialized
INFO - 2017-04-01 20:34:02 --> Hooks Class Initialized
DEBUG - 2017-04-01 20:34:02 --> UTF-8 Support Enabled
INFO - 2017-04-01 20:34:02 --> Utf8 Class Initialized
INFO - 2017-04-01 20:34:02 --> URI Class Initialized
INFO - 2017-04-01 20:34:02 --> Router Class Initialized
INFO - 2017-04-01 20:34:39 --> Config Class Initialized
INFO - 2017-04-01 20:34:39 --> Hooks Class Initialized
DEBUG - 2017-04-01 20:34:39 --> UTF-8 Support Enabled
INFO - 2017-04-01 20:34:39 --> Utf8 Class Initialized
INFO - 2017-04-01 20:34:39 --> URI Class Initialized
INFO - 2017-04-01 20:34:39 --> Router Class Initialized
INFO - 2017-04-01 20:34:39 --> My_Router Class Initialized
INFO - 2017-04-01 20:34:39 --> Output Class Initialized
INFO - 2017-04-01 20:34:39 --> Security Class Initialized
DEBUG - 2017-04-01 20:34:39 --> Global POST, GET and COOKIE data sanitized
INFO - 2017-04-01 20:34:39 --> Input Class Initialized
INFO - 2017-04-01 20:34:39 --> Language Class Initialized
INFO - 2017-04-01 20:34:39 --> Loader Class Initialized
INFO - 2017-04-01 20:34:39 --> Controller Class Initialized
INFO - 2017-04-01 20:34:39 --> File loaded: U:\Root\Software\WebServer\www\ShareSpace_WorkIt\CI_CMS\application\views\welcome_message.php
INFO - 2017-04-01 20:34:39 --> Final output sent to browser
DEBUG - 2017-04-01 20:34:39 --> Total execution time: 0.2188
